\BOOKMARK [1][-]{section.1}{Concrete examples}{}% 1
\BOOKMARK [1][-]{section.2}{Literature}{}% 2
\BOOKMARK [2][-]{subsection.2.1}{Competition and mergers in the digital economy}{section.2}% 3
\BOOKMARK [2][-]{subsection.2.2}{Mergers and synergies}{section.2}% 4
\BOOKMARK [2][-]{subsection.2.3}{Information synergies}{section.2}% 5
\BOOKMARK [2][-]{subsection.2.4}{Sale of information, sale of technology}{section.2}% 6
\BOOKMARK [2][-]{subsection.2.5}{Mergers vs competition}{section.2}% 7
\BOOKMARK [1][-]{section.3}{Model}{}% 8
\BOOKMARK [1][-]{section.4}{Analysis}{}% 9
\BOOKMARK [2][-]{subsection.4.1}{Competition}{section.4}% 10
\BOOKMARK [2][-]{subsection.4.2}{Merger}{section.4}% 11
\BOOKMARK [2][-]{subsection.4.3}{Profits with data sharing}{section.4}% 12
\BOOKMARK [2][-]{subsection.4.4}{Information acquisition}{section.4}% 13
\BOOKMARK [1][-]{section.5}{The Regulator's Problem}{}% 14
\BOOKMARK [2][-]{subsection.5.1}{Merger decision without information sharing}{section.5}% 15
\BOOKMARK [2][-]{subsection.5.2}{Social welfare with information sharing}{section.5}% 16
\BOOKMARK [2][-]{subsection.5.3}{Information acquisition}{section.5}% 17
\BOOKMARK [3][-]{subsubsection.5.3.1}{Optimal information sharing}{subsection.5.3}% 18
\BOOKMARK [3][-]{subsubsection.5.3.2}{Does the presence of the regulator drive up or down consumer information sharing?}{subsection.5.3}% 19
\BOOKMARK [3][-]{subsubsection.5.3.3}{The impact of the regulator on consumer surplus.}{subsection.5.3}% 20
\BOOKMARK [2][-]{subsection.5.4}{Regulating pre-merger information sharing}{section.5}% 21
\BOOKMARK [1][-]{section.6}{Bilateral information sharing}{}% 22
\BOOKMARK [2][-]{subsection.6.1}{Competition}{section.6}% 23
\BOOKMARK [2][-]{subsection.6.2}{Profits with data sharing}{section.6}% 24
\BOOKMARK [2][-]{subsection.6.3}{Information acquisition}{section.6}% 25
\BOOKMARK [2][-]{subsection.6.4}{Social welfare}{section.6}% 26
\BOOKMARK [1][-]{section.7}{Firm 2 privately learns synergies}{}% 27
\BOOKMARK [1][-]{appendix.A}{Appendix}{}% 28
\BOOKMARK [2][-]{subsection.A.1}{Bilateral information sharing 2}{appendix.A}% 29
\BOOKMARK [3][-]{subsubsection.A.1.1}{Competition}{subsection.A.1}% 30
\BOOKMARK [3][-]{subsubsection.A.1.2}{Profits with data sharing}{subsection.A.1}% 31
\BOOKMARK [3][-]{subsubsection.A.1.3}{Information acquisition}{subsection.A.1}% 32
\BOOKMARK [3][-]{subsubsection.A.1.4}{Social welfare}{subsection.A.1}% 33
\BOOKMARK [2][-]{subsection.A.2}{Mixed strategy: bilateral information sharing \046 information purchasing}{appendix.A}% 34
\BOOKMARK [3][-]{subsubsection.A.2.1}{Profits with data sharing}{subsection.A.2}% 35
\BOOKMARK [3][-]{subsubsection.A.2.2}{Optimal information acquisition}{subsection.A.2}% 36
